[debug] [2022-09-09T08:44:41.826Z] ----------------------------------------------------------------------
[debug] [2022-09-09T08:44:41.828Z] Command:       /Users/annaalmestal/.nvm/versions/node/v16.15.0/bin/node /Users/annaalmestal/.nvm/versions/node/v16.15.0/bin/firebase emulators:start --only functions
[debug] [2022-09-09T08:44:41.828Z] CLI Version:   11.8.0
[debug] [2022-09-09T08:44:41.829Z] Platform:      darwin
[debug] [2022-09-09T08:44:41.829Z] Node Version:  v16.15.0
[debug] [2022-09-09T08:44:41.830Z] Time:          Fri Sep 09 2022 10:44:41 GMT+0200 (centraleuropeisk sommartid)
[debug] [2022-09-09T08:44:41.830Z] ----------------------------------------------------------------------
[debug] 
[debug] [2022-09-09T08:44:41.882Z] > command requires scopes: ["email","openid","https://www.googleapis.com/auth/cloudplatformprojects.readonly","https://www.googleapis.com/auth/firebase","https://www.googleapis.com/auth/cloud-platform"]
[debug] [2022-09-09T08:44:41.882Z] > authorizing via signed-in user (anna.almestal@1337.tech)
[info] i  emulators: Starting emulators: functions {"metadata":{"emulator":{"name":"hub"},"message":"Starting emulators: functions"}}
[debug] [2022-09-09T08:44:41.922Z] [hub] writing locator at /var/folders/wd/qt1kxfrn17j35yr_ld5y5ss80000gn/T/hub-meals-to-go-f7f9f.json
[warn] ⚠  functions: The following emulators are not running, calls to these services from the Functions emulator will affect production: auth, firestore, database, hosting, pubsub, storage, eventarc {"metadata":{"emulator":{"name":"functions"},"message":"The following emulators are not running, calls to these services from the Functions emulator will affect production: \u001b[1mauth, firestore, database, hosting, pubsub, storage, eventarc\u001b[22m"}}
[info] ✔  functions: Using node@16 from host. {"metadata":{"emulator":{"name":"functions"},"message":"Using node@16 from host."}}
[debug] [2022-09-09T08:44:41.944Z] defaultcredentials: writing to file /Users/annaalmestal/.config/firebase/anna_almestal_1337.tech_application_default_credentials.json
[debug] [2022-09-09T08:44:41.946Z] Setting GAC to /Users/annaalmestal/.config/firebase/anna_almestal_1337.tech_application_default_credentials.json {"metadata":{"emulator":{"name":"functions"},"message":"Setting GAC to /Users/annaalmestal/.config/firebase/anna_almestal_1337.tech_application_default_credentials.json"}}
[debug] [2022-09-09T08:44:41.950Z] >>> [apiv2][query] GET https://firebase.googleapis.com/v1beta1/projects/meals-to-go-f7f9f/adminSdkConfig [none]
[debug] [2022-09-09T08:44:42.259Z] <<< [apiv2][status] GET https://firebase.googleapis.com/v1beta1/projects/meals-to-go-f7f9f/adminSdkConfig 200
[debug] [2022-09-09T08:44:42.259Z] <<< [apiv2][body] GET https://firebase.googleapis.com/v1beta1/projects/meals-to-go-f7f9f/adminSdkConfig {"projectId":"meals-to-go-f7f9f","storageBucket":"meals-to-go-f7f9f.appspot.com"}
[debug] [2022-09-09T08:44:42.303Z] Ignoring unsupported arg: auto_download {"metadata":{"emulator":{"name":"ui"},"message":"Ignoring unsupported arg: auto_download"}}
[debug] [2022-09-09T08:44:42.303Z] Ignoring unsupported arg: port {"metadata":{"emulator":{"name":"ui"},"message":"Ignoring unsupported arg: port"}}
[debug] [2022-09-09T08:44:42.303Z] Starting Emulator UI with command {"binary":"node","args":["/Users/annaalmestal/.cache/firebase/emulators/ui-v1.9.0/server/server.js"],"optionalArgs":[],"joinArgs":false} {"metadata":{"emulator":{"name":"ui"},"message":"Starting Emulator UI with command {\"binary\":\"node\",\"args\":[\"/Users/annaalmestal/.cache/firebase/emulators/ui-v1.9.0/server/server.js\"],\"optionalArgs\":[],\"joinArgs\":false}"}}
[info] i  ui: Emulator UI logging to ui-debug.log {"metadata":{"emulator":{"name":"ui"},"message":"Emulator UI logging to \u001b[1mui-debug.log\u001b[22m"}}
[debug] [2022-09-09T08:44:42.458Z] Web / API server started at localhost:4000
 {"metadata":{"emulator":{"name":"ui"},"message":"Web / API server started at localhost:4000\n"}}
[info] i  functions: Watching "/Users/annaalmestal/Desktop/code/React-Native/MealsToGo/functions" for Cloud Functions... {"metadata":{"emulator":{"name":"functions"},"message":"Watching \"/Users/annaalmestal/Desktop/code/React-Native/MealsToGo/functions\" for Cloud Functions..."}}
[debug] [2022-09-09T08:44:42.575Z] Validating nodejs source
[debug] [2022-09-09T08:44:43.717Z] > [functions] package.json contents: {
  "name": "functions",
  "description": "Cloud Functions for Firebase",
  "scripts": {
    "serve": "firebase emulators:start --only functions",
    "shell": "firebase functions:shell",
    "start": "npm run shell",
    "deploy": "firebase deploy --only functions",
    "logs": "firebase functions:log"
  },
  "engines": {
    "node": "16"
  },
  "main": "index.js",
  "dependencies": {
    "firebase-admin": "^10.0.2",
    "firebase-functions": "^3.23.0"
  },
  "devDependencies": {
    "firebase-functions-test": "^0.2.0"
  },
  "private": true
}
[debug] [2022-09-09T08:44:43.718Z] Building nodejs source
[debug] [2022-09-09T08:44:43.719Z] Analyzing nodejs backend spec
[debug] [2022-09-09T08:44:43.721Z] Could not find functions.yaml. Must use http discovery
[debug] [2022-09-09T08:44:43.906Z] Serving at port 9007

[debug] [2022-09-09T08:44:43.955Z] Got response from /__/functions.yaml {"endpoints":{"geocode":{"platform":"gcfv1","httpsTrigger":{},"entryPoint":"geocode"},"placesNearby":{"platform":"gcfv1","httpsTrigger":{},"entryPoint":"placesNearby"}},"specVersion":"v1alpha1","requiredAPIs":[]}
[debug] [2022-09-09T08:44:43.963Z] shutdown requested via /__/quitquitquit

[info] ✔  functions: Loaded functions definitions from source: geocode, placesNearby. {"metadata":{"emulator":{"name":"functions"},"message":"Loaded functions definitions from source: geocode, placesNearby."}}
[info] ✔  functions[us-central1-geocode]: http function initialized (http://localhost:5001/meals-to-go-f7f9f/us-central1/geocode). {"metadata":{"emulator":{"name":"functions"},"message":"\u001b[1mhttp\u001b[22m function initialized (http://localhost:5001/meals-to-go-f7f9f/us-central1/geocode)."}}
[info] ✔  functions[us-central1-placesNearby]: http function initialized (http://localhost:5001/meals-to-go-f7f9f/us-central1/placesNearby). {"metadata":{"emulator":{"name":"functions"},"message":"\u001b[1mhttp\u001b[22m function initialized (http://localhost:5001/meals-to-go-f7f9f/us-central1/placesNearby)."}}
[info] 
┌─────────────────────────────────────────────────────────────┐
│ ✔  All emulators ready! It is now safe to connect your app. │
│ i  View Emulator UI at http://localhost:4000                │
└─────────────────────────────────────────────────────────────┘

┌───────────┬────────────────┬─────────────────────────────────┐
│ Emulator  │ Host:Port      │ View in Emulator UI             │
├───────────┼────────────────┼─────────────────────────────────┤
│ Functions │ localhost:5001 │ http://localhost:4000/functions │
└───────────┴────────────────┴─────────────────────────────────┘
  Emulator Hub running at localhost:4400
  Other reserved ports: 4500

Issues? Report them at https://github.com/firebase/firebase-tools/issues and attach the *-debug.log files.
 
[debug] [2022-09-09T08:50:19.819Z] [work-queue] {"queueLength":1,"workRunningCount":0}
[debug] [2022-09-09T08:50:19.819Z] [work-queue] {"queueLength":0,"workRunningCount":1}
[debug] [2022-09-09T08:50:19.820Z] Accepted request GET /meals-to-go-f7f9f/us-central1/geocode?city=san%20francisco --> us-central1-geocode
[debug] [2022-09-09T08:50:19.832Z] [worker-pool] addWorker(us-central1-geocode) {"metadata":{"emulator":{"name":"functions"},"message":"[worker-pool] addWorker(us-central1-geocode)"}}
[debug] [2022-09-09T08:50:19.833Z] [worker-pool] Adding worker with key us-central1-geocode, total=1 {"metadata":{"emulator":{"name":"functions"},"message":"[worker-pool] Adding worker with key us-central1-geocode, total=1"}}
[debug] [2022-09-09T08:50:19.833Z] [worker-pool] submitWork(triggerId=us-central1-geocode) {"metadata":{"emulator":{"name":"functions"},"message":"[worker-pool] submitWork(triggerId=us-central1-geocode)"}}
[debug] [2022-09-09T08:50:19.833Z] [worker-us-central1-geocode-dee34921-f698-425d-8eac-556074a8b4b5]: BUSY {"metadata":{"emulator":{"name":"functions"},"message":"[worker-us-central1-geocode-dee34921-f698-425d-8eac-556074a8b4b5]: BUSY"}}
[debug] [2022-09-09T08:50:21.631Z] [runtime-status] [80931] Resolved module firebase-admin {"declared":true,"installed":true,"version":"10.3.0","resolution":"/Users/annaalmestal/Desktop/code/React-Native/MealsToGo/functions/node_modules/firebase-admin/lib/index.js"} {"metadata":{"emulator":{"name":"functions"},"function":{"name":"us-central1-geocode"},"extension":{},"message":"[runtime-status] [80931] Resolved module firebase-admin {\"declared\":true,\"installed\":true,\"version\":\"10.3.0\",\"resolution\":\"/Users/annaalmestal/Desktop/code/React-Native/MealsToGo/functions/node_modules/firebase-admin/lib/index.js\"}"}}
[debug] [2022-09-09T08:50:21.632Z] [runtime-status] [80931] Resolved module firebase-functions {"declared":true,"installed":true,"version":"3.23.0","resolution":"/Users/annaalmestal/Desktop/code/React-Native/MealsToGo/functions/node_modules/firebase-functions/lib/index.js"} {"metadata":{"emulator":{"name":"functions"},"function":{"name":"us-central1-geocode"},"extension":{},"message":"[runtime-status] [80931] Resolved module firebase-functions {\"declared\":true,\"installed\":true,\"version\":\"3.23.0\",\"resolution\":\"/Users/annaalmestal/Desktop/code/React-Native/MealsToGo/functions/node_modules/firebase-functions/lib/index.js\"}"}}
[debug] [2022-09-09T08:50:21.633Z] [runtime-status] [80931] Outgoing network have been stubbed. [{"name":"http","status":"mocked"},{"name":"http","status":"mocked"},{"name":"https","status":"mocked"},{"name":"https","status":"mocked"},{"name":"net","status":"mocked"}] {"metadata":{"emulator":{"name":"functions"},"function":{"name":"us-central1-geocode"},"extension":{},"message":"[runtime-status] [80931] Outgoing network have been stubbed. [{\"name\":\"http\",\"status\":\"mocked\"},{\"name\":\"http\",\"status\":\"mocked\"},{\"name\":\"https\",\"status\":\"mocked\"},{\"name\":\"https\",\"status\":\"mocked\"},{\"name\":\"net\",\"status\":\"mocked\"}]"}}
[debug] [2022-09-09T08:50:21.634Z] [runtime-status] [80931] Resolved module firebase-functions {"declared":true,"installed":true,"version":"3.23.0","resolution":"/Users/annaalmestal/Desktop/code/React-Native/MealsToGo/functions/node_modules/firebase-functions/lib/index.js"} {"metadata":{"emulator":{"name":"functions"},"function":{"name":"us-central1-geocode"},"extension":{},"message":"[runtime-status] [80931] Resolved module firebase-functions {\"declared\":true,\"installed\":true,\"version\":\"3.23.0\",\"resolution\":\"/Users/annaalmestal/Desktop/code/React-Native/MealsToGo/functions/node_modules/firebase-functions/lib/index.js\"}"}}
[debug] [2022-09-09T08:50:21.702Z] [runtime-status] [80931] Checked functions.config() {"config":{}} {"metadata":{"emulator":{"name":"functions"},"function":{"name":"us-central1-geocode"},"extension":{},"message":"[runtime-status] [80931] Checked functions.config() {\"config\":{}}"}}
[debug] [2022-09-09T08:50:21.702Z] [runtime-status] [80931] firebase-functions has been stubbed. {"functionsResolution":{"declared":true,"installed":true,"version":"3.23.0","resolution":"/Users/annaalmestal/Desktop/code/React-Native/MealsToGo/functions/node_modules/firebase-functions/lib/index.js"}} {"metadata":{"emulator":{"name":"functions"},"function":{"name":"us-central1-geocode"},"extension":{},"message":"[runtime-status] [80931] firebase-functions has been stubbed. {\"functionsResolution\":{\"declared\":true,\"installed\":true,\"version\":\"3.23.0\",\"resolution\":\"/Users/annaalmestal/Desktop/code/React-Native/MealsToGo/functions/node_modules/firebase-functions/lib/index.js\"}}"}}
[debug] [2022-09-09T08:50:21.703Z] [runtime-status] [80931] Resolved module firebase-functions {"declared":true,"installed":true,"version":"3.23.0","resolution":"/Users/annaalmestal/Desktop/code/React-Native/MealsToGo/functions/node_modules/firebase-functions/lib/index.js"} {"metadata":{"emulator":{"name":"functions"},"function":{"name":"us-central1-geocode"},"extension":{},"message":"[runtime-status] [80931] Resolved module firebase-functions {\"declared\":true,\"installed\":true,\"version\":\"3.23.0\",\"resolution\":\"/Users/annaalmestal/Desktop/code/React-Native/MealsToGo/functions/node_modules/firebase-functions/lib/index.js\"}"}}
[debug] [2022-09-09T08:50:21.703Z] [runtime-status] [80931] Resolved module firebase-admin {"declared":true,"installed":true,"version":"10.3.0","resolution":"/Users/annaalmestal/Desktop/code/React-Native/MealsToGo/functions/node_modules/firebase-admin/lib/index.js"} {"metadata":{"emulator":{"name":"functions"},"function":{"name":"us-central1-geocode"},"extension":{},"message":"[runtime-status] [80931] Resolved module firebase-admin {\"declared\":true,\"installed\":true,\"version\":\"10.3.0\",\"resolution\":\"/Users/annaalmestal/Desktop/code/React-Native/MealsToGo/functions/node_modules/firebase-admin/lib/index.js\"}"}}
[debug] [2022-09-09T08:50:21.704Z] [runtime-status] [80931] Resolved module firebase-functions {"declared":true,"installed":true,"version":"3.23.0","resolution":"/Users/annaalmestal/Desktop/code/React-Native/MealsToGo/functions/node_modules/firebase-functions/lib/index.js"} {"metadata":{"emulator":{"name":"functions"},"function":{"name":"us-central1-geocode"},"extension":{},"message":"[runtime-status] [80931] Resolved module firebase-functions {\"declared\":true,\"installed\":true,\"version\":\"3.23.0\",\"resolution\":\"/Users/annaalmestal/Desktop/code/React-Native/MealsToGo/functions/node_modules/firebase-functions/lib/index.js\"}"}}
[debug] [2022-09-09T08:50:21.705Z] [runtime-status] [80931] firebase-admin has been stubbed. {"adminResolution":{"declared":true,"installed":true,"version":"10.3.0","resolution":"/Users/annaalmestal/Desktop/code/React-Native/MealsToGo/functions/node_modules/firebase-admin/lib/index.js"}} {"metadata":{"emulator":{"name":"functions"},"function":{"name":"us-central1-geocode"},"extension":{},"message":"[runtime-status] [80931] firebase-admin has been stubbed. {\"adminResolution\":{\"declared\":true,\"installed\":true,\"version\":\"10.3.0\",\"resolution\":\"/Users/annaalmestal/Desktop/code/React-Native/MealsToGo/functions/node_modules/firebase-admin/lib/index.js\"}}"}}
[debug] [2022-09-09T08:50:21.705Z] [runtime-status] [80931] Functions runtime initialized. {"cwd":"/Users/annaalmestal/Desktop/code/React-Native/MealsToGo/functions","node_version":"16.15.0"} {"metadata":{"emulator":{"name":"functions"},"function":{"name":"us-central1-geocode"},"extension":{},"message":"[runtime-status] [80931] Functions runtime initialized. {\"cwd\":\"/Users/annaalmestal/Desktop/code/React-Native/MealsToGo/functions\",\"node_version\":\"16.15.0\"}"}}
[debug] [2022-09-09T08:50:21.717Z] [runtime-status] [80931] Beginning invocation function geocode! {"metadata":{"emulator":{"name":"functions"},"function":{"name":"us-central1-geocode"},"extension":{},"message":"[runtime-status] [80931] Beginning invocation function geocode!"}}
[info] i  functions: Beginning execution of "geocode" {"metadata":{"emulator":{"name":"functions"},"function":{"name":"us-central1-geocode"},"extension":{},"message":"Beginning execution of \"geocode\""}}
[debug] [2022-09-09T08:50:21.718Z] [runtime-status] [80931] Running geocode in signature http {"metadata":{"emulator":{"name":"functions"},"function":{"name":"us-central1-geocode"},"extension":{},"message":"[runtime-status] [80931] Running geocode in signature http"}}
[debug] [2022-09-09T08:50:21.723Z] [runtime-status] [80931] Listening to port: /var/folders/wd/qt1kxfrn17j35yr_ld5y5ss80000gn/T/fire_emu_c64fc969525c722b.sock {"metadata":{"emulator":{"name":"functions"},"function":{"name":"us-central1-geocode"},"extension":{},"message":"[runtime-status] [80931] Listening to port: /var/folders/wd/qt1kxfrn17j35yr_ld5y5ss80000gn/T/fire_emu_c64fc969525c722b.sock"}}
[debug] [2022-09-09T08:50:21.767Z] [functions] Runtime ready! Sending request! {"metadata":{"emulator":{"name":"functions"},"message":"[functions] Runtime ready! Sending request!"}}
[debug] [2022-09-09T08:50:21.768Z] [functions] Got req.url=/meals-to-go-f7f9f/us-central1/geocode?city=san%20francisco, mapping to path=/?city=san%20francisco {"metadata":{"emulator":{"name":"functions"},"message":"[functions] Got req.url=/meals-to-go-f7f9f/us-central1/geocode?city=san%20francisco, mapping to path=/?city=san%20francisco"}}
[debug] [2022-09-09T08:50:21.770Z] [runtime-status] [80931] Ephemeral server handling GET request {"metadata":{"emulator":{"name":"functions"},"function":{"name":"us-central1-geocode"},"extension":{},"message":"[runtime-status] [80931] Ephemeral server handling GET request"}}
[debug] [2022-09-09T08:50:21.774Z] [runtime-status] [80931] Ephemeral server survived. {"metadata":{"emulator":{"name":"functions"},"function":{"name":"us-central1-geocode"},"extension":{},"message":"[runtime-status] [80931] Ephemeral server survived."}}
[info] i  functions: Finished "geocode" in ~1s {"metadata":{"emulator":{"name":"functions"},"function":{"name":"us-central1-geocode"},"extension":{},"message":"Finished \"geocode\" in ~1s"}}
[debug] [2022-09-09T08:50:21.775Z] [worker-us-central1-geocode-dee34921-f698-425d-8eac-556074a8b4b5]: IDLE {"metadata":{"emulator":{"name":"functions"},"message":"[worker-us-central1-geocode-dee34921-f698-425d-8eac-556074a8b4b5]: IDLE"}}
[debug] [2022-09-09T08:50:21.775Z] [work-queue] {"queueLength":0,"workRunningCount":0}
[debug] [2022-09-09T08:50:22.159Z] [work-queue] {"queueLength":1,"workRunningCount":0}
[debug] [2022-09-09T08:50:22.160Z] [work-queue] {"queueLength":0,"workRunningCount":1}
[debug] [2022-09-09T08:50:22.162Z] Accepted request GET /meals-to-go-f7f9f/us-central1/placesNearby?location=37.7749295,-122.4194155 --> us-central1-placesNearby
[debug] [2022-09-09T08:50:22.173Z] [worker-pool] addWorker(us-central1-placesNearby) {"metadata":{"emulator":{"name":"functions"},"message":"[worker-pool] addWorker(us-central1-placesNearby)"}}
[debug] [2022-09-09T08:50:22.175Z] [worker-pool] Adding worker with key us-central1-placesNearby, total=1 {"metadata":{"emulator":{"name":"functions"},"message":"[worker-pool] Adding worker with key us-central1-placesNearby, total=1"}}
[debug] [2022-09-09T08:50:22.175Z] [worker-pool] submitWork(triggerId=us-central1-placesNearby) {"metadata":{"emulator":{"name":"functions"},"message":"[worker-pool] submitWork(triggerId=us-central1-placesNearby)"}}
[debug] [2022-09-09T08:50:22.175Z] [worker-us-central1-placesNearby-e43c57af-aed5-492d-bea9-032b30b58d8c]: BUSY {"metadata":{"emulator":{"name":"functions"},"message":"[worker-us-central1-placesNearby-e43c57af-aed5-492d-bea9-032b30b58d8c]: BUSY"}}
[debug] [2022-09-09T08:50:22.931Z] [runtime-status] [80934] Resolved module firebase-admin {"declared":true,"installed":true,"version":"10.3.0","resolution":"/Users/annaalmestal/Desktop/code/React-Native/MealsToGo/functions/node_modules/firebase-admin/lib/index.js"} {"metadata":{"emulator":{"name":"functions"},"function":{"name":"us-central1-placesNearby"},"extension":{},"message":"[runtime-status] [80934] Resolved module firebase-admin {\"declared\":true,\"installed\":true,\"version\":\"10.3.0\",\"resolution\":\"/Users/annaalmestal/Desktop/code/React-Native/MealsToGo/functions/node_modules/firebase-admin/lib/index.js\"}"}}
[debug] [2022-09-09T08:50:22.932Z] [runtime-status] [80934] Resolved module firebase-functions {"declared":true,"installed":true,"version":"3.23.0","resolution":"/Users/annaalmestal/Desktop/code/React-Native/MealsToGo/functions/node_modules/firebase-functions/lib/index.js"} {"metadata":{"emulator":{"name":"functions"},"function":{"name":"us-central1-placesNearby"},"extension":{},"message":"[runtime-status] [80934] Resolved module firebase-functions {\"declared\":true,\"installed\":true,\"version\":\"3.23.0\",\"resolution\":\"/Users/annaalmestal/Desktop/code/React-Native/MealsToGo/functions/node_modules/firebase-functions/lib/index.js\"}"}}
[debug] [2022-09-09T08:50:22.932Z] [runtime-status] [80934] Outgoing network have been stubbed. [{"name":"http","status":"mocked"},{"name":"http","status":"mocked"},{"name":"https","status":"mocked"},{"name":"https","status":"mocked"},{"name":"net","status":"mocked"}] {"metadata":{"emulator":{"name":"functions"},"function":{"name":"us-central1-placesNearby"},"extension":{},"message":"[runtime-status] [80934] Outgoing network have been stubbed. [{\"name\":\"http\",\"status\":\"mocked\"},{\"name\":\"http\",\"status\":\"mocked\"},{\"name\":\"https\",\"status\":\"mocked\"},{\"name\":\"https\",\"status\":\"mocked\"},{\"name\":\"net\",\"status\":\"mocked\"}]"}}
[debug] [2022-09-09T08:50:22.934Z] [runtime-status] [80934] Resolved module firebase-functions {"declared":true,"installed":true,"version":"3.23.0","resolution":"/Users/annaalmestal/Desktop/code/React-Native/MealsToGo/functions/node_modules/firebase-functions/lib/index.js"} {"metadata":{"emulator":{"name":"functions"},"function":{"name":"us-central1-placesNearby"},"extension":{},"message":"[runtime-status] [80934] Resolved module firebase-functions {\"declared\":true,\"installed\":true,\"version\":\"3.23.0\",\"resolution\":\"/Users/annaalmestal/Desktop/code/React-Native/MealsToGo/functions/node_modules/firebase-functions/lib/index.js\"}"}}
[debug] [2022-09-09T08:50:22.966Z] [runtime-status] [80934] Checked functions.config() {"config":{}} {"metadata":{"emulator":{"name":"functions"},"function":{"name":"us-central1-placesNearby"},"extension":{},"message":"[runtime-status] [80934] Checked functions.config() {\"config\":{}}"}}
[debug] [2022-09-09T08:50:22.967Z] [runtime-status] [80934] firebase-functions has been stubbed. {"functionsResolution":{"declared":true,"installed":true,"version":"3.23.0","resolution":"/Users/annaalmestal/Desktop/code/React-Native/MealsToGo/functions/node_modules/firebase-functions/lib/index.js"}} {"metadata":{"emulator":{"name":"functions"},"function":{"name":"us-central1-placesNearby"},"extension":{},"message":"[runtime-status] [80934] firebase-functions has been stubbed. {\"functionsResolution\":{\"declared\":true,\"installed\":true,\"version\":\"3.23.0\",\"resolution\":\"/Users/annaalmestal/Desktop/code/React-Native/MealsToGo/functions/node_modules/firebase-functions/lib/index.js\"}}"}}
[debug] [2022-09-09T08:50:22.967Z] [runtime-status] [80934] Resolved module firebase-functions {"declared":true,"installed":true,"version":"3.23.0","resolution":"/Users/annaalmestal/Desktop/code/React-Native/MealsToGo/functions/node_modules/firebase-functions/lib/index.js"} {"metadata":{"emulator":{"name":"functions"},"function":{"name":"us-central1-placesNearby"},"extension":{},"message":"[runtime-status] [80934] Resolved module firebase-functions {\"declared\":true,\"installed\":true,\"version\":\"3.23.0\",\"resolution\":\"/Users/annaalmestal/Desktop/code/React-Native/MealsToGo/functions/node_modules/firebase-functions/lib/index.js\"}"}}
[debug] [2022-09-09T08:50:22.968Z] [runtime-status] [80934] Resolved module firebase-admin {"declared":true,"installed":true,"version":"10.3.0","resolution":"/Users/annaalmestal/Desktop/code/React-Native/MealsToGo/functions/node_modules/firebase-admin/lib/index.js"} {"metadata":{"emulator":{"name":"functions"},"function":{"name":"us-central1-placesNearby"},"extension":{},"message":"[runtime-status] [80934] Resolved module firebase-admin {\"declared\":true,\"installed\":true,\"version\":\"10.3.0\",\"resolution\":\"/Users/annaalmestal/Desktop/code/React-Native/MealsToGo/functions/node_modules/firebase-admin/lib/index.js\"}"}}
[debug] [2022-09-09T08:50:22.968Z] [runtime-status] [80934] Resolved module firebase-functions {"declared":true,"installed":true,"version":"3.23.0","resolution":"/Users/annaalmestal/Desktop/code/React-Native/MealsToGo/functions/node_modules/firebase-functions/lib/index.js"} {"metadata":{"emulator":{"name":"functions"},"function":{"name":"us-central1-placesNearby"},"extension":{},"message":"[runtime-status] [80934] Resolved module firebase-functions {\"declared\":true,\"installed\":true,\"version\":\"3.23.0\",\"resolution\":\"/Users/annaalmestal/Desktop/code/React-Native/MealsToGo/functions/node_modules/firebase-functions/lib/index.js\"}"}}
[debug] [2022-09-09T08:50:22.969Z] [runtime-status] [80934] firebase-admin has been stubbed. {"adminResolution":{"declared":true,"installed":true,"version":"10.3.0","resolution":"/Users/annaalmestal/Desktop/code/React-Native/MealsToGo/functions/node_modules/firebase-admin/lib/index.js"}} {"metadata":{"emulator":{"name":"functions"},"function":{"name":"us-central1-placesNearby"},"extension":{},"message":"[runtime-status] [80934] firebase-admin has been stubbed. {\"adminResolution\":{\"declared\":true,\"installed\":true,\"version\":\"10.3.0\",\"resolution\":\"/Users/annaalmestal/Desktop/code/React-Native/MealsToGo/functions/node_modules/firebase-admin/lib/index.js\"}}"}}
[debug] [2022-09-09T08:50:22.969Z] [runtime-status] [80934] Functions runtime initialized. {"cwd":"/Users/annaalmestal/Desktop/code/React-Native/MealsToGo/functions","node_version":"16.15.0"} {"metadata":{"emulator":{"name":"functions"},"function":{"name":"us-central1-placesNearby"},"extension":{},"message":"[runtime-status] [80934] Functions runtime initialized. {\"cwd\":\"/Users/annaalmestal/Desktop/code/React-Native/MealsToGo/functions\",\"node_version\":\"16.15.0\"}"}}
[debug] [2022-09-09T08:50:22.974Z] [runtime-status] [80934] Beginning invocation function placesNearby! {"metadata":{"emulator":{"name":"functions"},"function":{"name":"us-central1-placesNearby"},"extension":{},"message":"[runtime-status] [80934] Beginning invocation function placesNearby!"}}
[info] i  functions: Beginning execution of "placesNearby" {"metadata":{"emulator":{"name":"functions"},"function":{"name":"us-central1-placesNearby"},"extension":{},"message":"Beginning execution of \"placesNearby\""}}
[debug] [2022-09-09T08:50:22.975Z] [runtime-status] [80934] Running placesNearby in signature http {"metadata":{"emulator":{"name":"functions"},"function":{"name":"us-central1-placesNearby"},"extension":{},"message":"[runtime-status] [80934] Running placesNearby in signature http"}}
[debug] [2022-09-09T08:50:22.979Z] [runtime-status] [80934] Listening to port: /var/folders/wd/qt1kxfrn17j35yr_ld5y5ss80000gn/T/fire_emu_18fcac11db448631.sock {"metadata":{"emulator":{"name":"functions"},"function":{"name":"us-central1-placesNearby"},"extension":{},"message":"[runtime-status] [80934] Listening to port: /var/folders/wd/qt1kxfrn17j35yr_ld5y5ss80000gn/T/fire_emu_18fcac11db448631.sock"}}
[debug] [2022-09-09T08:50:22.998Z] [functions] Runtime ready! Sending request! {"metadata":{"emulator":{"name":"functions"},"message":"[functions] Runtime ready! Sending request!"}}
[debug] [2022-09-09T08:50:22.999Z] [functions] Got req.url=/meals-to-go-f7f9f/us-central1/placesNearby?location=37.7749295,-122.4194155, mapping to path=/?location=37.7749295,-122.4194155 {"metadata":{"emulator":{"name":"functions"},"message":"[functions] Got req.url=/meals-to-go-f7f9f/us-central1/placesNearby?location=37.7749295,-122.4194155, mapping to path=/?location=37.7749295,-122.4194155"}}
[debug] [2022-09-09T08:50:23.004Z] [runtime-status] [80934] Ephemeral server handling GET request {"metadata":{"emulator":{"name":"functions"},"function":{"name":"us-central1-placesNearby"},"extension":{},"message":"[runtime-status] [80934] Ephemeral server handling GET request"}}
[debug] [2022-09-09T08:50:23.007Z] [runtime-status] [80934] Ephemeral server survived. {"metadata":{"emulator":{"name":"functions"},"function":{"name":"us-central1-placesNearby"},"extension":{},"message":"[runtime-status] [80934] Ephemeral server survived."}}
[info] i  functions: Finished "placesNearby" in ~1s {"metadata":{"emulator":{"name":"functions"},"function":{"name":"us-central1-placesNearby"},"extension":{},"message":"Finished \"placesNearby\" in ~1s"}}
[debug] [2022-09-09T08:50:23.009Z] [worker-us-central1-placesNearby-e43c57af-aed5-492d-bea9-032b30b58d8c]: IDLE {"metadata":{"emulator":{"name":"functions"},"message":"[worker-us-central1-placesNearby-e43c57af-aed5-492d-bea9-032b30b58d8c]: IDLE"}}
[debug] [2022-09-09T08:50:23.009Z] [work-queue] {"queueLength":0,"workRunningCount":0}
[debug] [2022-09-09T08:54:24.680Z] [work-queue] {"queueLength":1,"workRunningCount":0}
[debug] [2022-09-09T08:54:24.681Z] [work-queue] {"queueLength":0,"workRunningCount":1}
[debug] [2022-09-09T08:54:24.681Z] Accepted request GET /meals-to-go-f7f9f/us-central1/geocode?city=san%20francisco --> us-central1-geocode
[debug] [2022-09-09T08:54:24.681Z] [worker-pool] submitWork(triggerId=us-central1-geocode) {"metadata":{"emulator":{"name":"functions"},"message":"[worker-pool] submitWork(triggerId=us-central1-geocode)"}}
[debug] [2022-09-09T08:54:24.682Z] [worker-us-central1-geocode-dee34921-f698-425d-8eac-556074a8b4b5]: BUSY {"metadata":{"emulator":{"name":"functions"},"message":"[worker-us-central1-geocode-dee34921-f698-425d-8eac-556074a8b4b5]: BUSY"}}
[debug] [2022-09-09T08:54:24.684Z] [runtime-status] [80931] Beginning invocation function geocode! {"metadata":{"emulator":{"name":"functions"},"function":{"name":"us-central1-geocode"},"extension":{},"message":"[runtime-status] [80931] Beginning invocation function geocode!"}}
[info] i  functions: Beginning execution of "geocode" {"metadata":{"emulator":{"name":"functions"},"function":{"name":"us-central1-geocode"},"extension":{},"message":"Beginning execution of \"geocode\""}}
[debug] [2022-09-09T08:54:24.685Z] [runtime-status] [80931] Running geocode in signature http {"metadata":{"emulator":{"name":"functions"},"function":{"name":"us-central1-geocode"},"extension":{},"message":"[runtime-status] [80931] Running geocode in signature http"}}
[debug] [2022-09-09T08:54:24.688Z] [runtime-status] [80931] Listening to port: /var/folders/wd/qt1kxfrn17j35yr_ld5y5ss80000gn/T/fire_emu_c64fc969525c722b.sock {"metadata":{"emulator":{"name":"functions"},"function":{"name":"us-central1-geocode"},"extension":{},"message":"[runtime-status] [80931] Listening to port: /var/folders/wd/qt1kxfrn17j35yr_ld5y5ss80000gn/T/fire_emu_c64fc969525c722b.sock"}}
[debug] [2022-09-09T08:54:24.690Z] [work-queue] {"queueLength":1,"workRunningCount":1}
[debug] [2022-09-09T08:54:24.691Z] [work-queue] {"queueLength":0,"workRunningCount":2}
[debug] [2022-09-09T08:54:24.691Z] Accepted request GET /meals-to-go-f7f9f/us-central1/placesNearby?location=37.7749295,-122.4194155 --> us-central1-placesNearby
[debug] [2022-09-09T08:54:24.691Z] [worker-pool] submitWork(triggerId=us-central1-placesNearby) {"metadata":{"emulator":{"name":"functions"},"message":"[worker-pool] submitWork(triggerId=us-central1-placesNearby)"}}
[debug] [2022-09-09T08:54:24.691Z] [worker-us-central1-placesNearby-e43c57af-aed5-492d-bea9-032b30b58d8c]: BUSY {"metadata":{"emulator":{"name":"functions"},"message":"[worker-us-central1-placesNearby-e43c57af-aed5-492d-bea9-032b30b58d8c]: BUSY"}}
[debug] [2022-09-09T08:54:24.694Z] [runtime-status] [80934] Beginning invocation function placesNearby! {"metadata":{"emulator":{"name":"functions"},"function":{"name":"us-central1-placesNearby"},"extension":{},"message":"[runtime-status] [80934] Beginning invocation function placesNearby!"}}
[info] i  functions: Beginning execution of "placesNearby" {"metadata":{"emulator":{"name":"functions"},"function":{"name":"us-central1-placesNearby"},"extension":{},"message":"Beginning execution of \"placesNearby\""}}
[debug] [2022-09-09T08:54:24.695Z] [runtime-status] [80934] Running placesNearby in signature http {"metadata":{"emulator":{"name":"functions"},"function":{"name":"us-central1-placesNearby"},"extension":{},"message":"[runtime-status] [80934] Running placesNearby in signature http"}}
[debug] [2022-09-09T08:54:24.697Z] [runtime-status] [80934] Listening to port: /var/folders/wd/qt1kxfrn17j35yr_ld5y5ss80000gn/T/fire_emu_18fcac11db448631.sock {"metadata":{"emulator":{"name":"functions"},"function":{"name":"us-central1-placesNearby"},"extension":{},"message":"[runtime-status] [80934] Listening to port: /var/folders/wd/qt1kxfrn17j35yr_ld5y5ss80000gn/T/fire_emu_18fcac11db448631.sock"}}
[debug] [2022-09-09T08:54:24.787Z] [functions] Runtime ready! Sending request! {"metadata":{"emulator":{"name":"functions"},"message":"[functions] Runtime ready! Sending request!"}}
[debug] [2022-09-09T08:54:24.788Z] [functions] Got req.url=/meals-to-go-f7f9f/us-central1/geocode?city=san%20francisco, mapping to path=/?city=san%20francisco {"metadata":{"emulator":{"name":"functions"},"message":"[functions] Got req.url=/meals-to-go-f7f9f/us-central1/geocode?city=san%20francisco, mapping to path=/?city=san%20francisco"}}
[debug] [2022-09-09T08:54:24.790Z] [runtime-status] [80931] Ephemeral server handling GET request {"metadata":{"emulator":{"name":"functions"},"function":{"name":"us-central1-geocode"},"extension":{},"message":"[runtime-status] [80931] Ephemeral server handling GET request"}}
[debug] [2022-09-09T08:54:24.792Z] [runtime-status] [80931] Ephemeral server survived. {"metadata":{"emulator":{"name":"functions"},"function":{"name":"us-central1-geocode"},"extension":{},"message":"[runtime-status] [80931] Ephemeral server survived."}}
[info] i  functions: Finished "geocode" in ~1s {"metadata":{"emulator":{"name":"functions"},"function":{"name":"us-central1-geocode"},"extension":{},"message":"Finished \"geocode\" in ~1s"}}
[debug] [2022-09-09T08:54:24.793Z] [worker-us-central1-geocode-dee34921-f698-425d-8eac-556074a8b4b5]: IDLE {"metadata":{"emulator":{"name":"functions"},"message":"[worker-us-central1-geocode-dee34921-f698-425d-8eac-556074a8b4b5]: IDLE"}}
[debug] [2022-09-09T08:54:24.793Z] [work-queue] {"queueLength":0,"workRunningCount":1}
[debug] [2022-09-09T08:54:24.797Z] [functions] Runtime ready! Sending request! {"metadata":{"emulator":{"name":"functions"},"message":"[functions] Runtime ready! Sending request!"}}
[debug] [2022-09-09T08:54:24.797Z] [functions] Got req.url=/meals-to-go-f7f9f/us-central1/placesNearby?location=37.7749295,-122.4194155, mapping to path=/?location=37.7749295,-122.4194155 {"metadata":{"emulator":{"name":"functions"},"message":"[functions] Got req.url=/meals-to-go-f7f9f/us-central1/placesNearby?location=37.7749295,-122.4194155, mapping to path=/?location=37.7749295,-122.4194155"}}
[debug] [2022-09-09T08:54:24.801Z] [runtime-status] [80934] Ephemeral server handling GET request {"metadata":{"emulator":{"name":"functions"},"function":{"name":"us-central1-placesNearby"},"extension":{},"message":"[runtime-status] [80934] Ephemeral server handling GET request"}}
[debug] [2022-09-09T08:54:24.802Z] [runtime-status] [80934] Ephemeral server survived. {"metadata":{"emulator":{"name":"functions"},"function":{"name":"us-central1-placesNearby"},"extension":{},"message":"[runtime-status] [80934] Ephemeral server survived."}}
[info] i  functions: Finished "placesNearby" in ~1s {"metadata":{"emulator":{"name":"functions"},"function":{"name":"us-central1-placesNearby"},"extension":{},"message":"Finished \"placesNearby\" in ~1s"}}
[debug] [2022-09-09T08:54:24.807Z] [worker-us-central1-placesNearby-e43c57af-aed5-492d-bea9-032b30b58d8c]: IDLE {"metadata":{"emulator":{"name":"functions"},"message":"[worker-us-central1-placesNearby-e43c57af-aed5-492d-bea9-032b30b58d8c]: IDLE"}}
[debug] [2022-09-09T08:54:24.807Z] [work-queue] {"queueLength":0,"workRunningCount":0}
[debug] [2022-09-09T08:54:37.157Z] [work-queue] {"queueLength":1,"workRunningCount":0}
[debug] [2022-09-09T08:54:37.157Z] [work-queue] {"queueLength":0,"workRunningCount":1}
[debug] [2022-09-09T08:54:37.157Z] Accepted request GET /meals-to-go-f7f9f/us-central1/placesNearby?location=37.7749295,-122.4194155 --> us-central1-placesNearby
[debug] [2022-09-09T08:54:37.158Z] [worker-pool] submitWork(triggerId=us-central1-placesNearby) {"metadata":{"emulator":{"name":"functions"},"message":"[worker-pool] submitWork(triggerId=us-central1-placesNearby)"}}
[debug] [2022-09-09T08:54:37.158Z] [worker-us-central1-placesNearby-e43c57af-aed5-492d-bea9-032b30b58d8c]: BUSY {"metadata":{"emulator":{"name":"functions"},"message":"[worker-us-central1-placesNearby-e43c57af-aed5-492d-bea9-032b30b58d8c]: BUSY"}}
[debug] [2022-09-09T08:54:37.159Z] [runtime-status] [80934] Beginning invocation function placesNearby! {"metadata":{"emulator":{"name":"functions"},"function":{"name":"us-central1-placesNearby"},"extension":{},"message":"[runtime-status] [80934] Beginning invocation function placesNearby!"}}
[info] i  functions: Beginning execution of "placesNearby" {"metadata":{"emulator":{"name":"functions"},"function":{"name":"us-central1-placesNearby"},"extension":{},"message":"Beginning execution of \"placesNearby\""}}
[debug] [2022-09-09T08:54:37.159Z] [runtime-status] [80934] Running placesNearby in signature http {"metadata":{"emulator":{"name":"functions"},"function":{"name":"us-central1-placesNearby"},"extension":{},"message":"[runtime-status] [80934] Running placesNearby in signature http"}}
[debug] [2022-09-09T08:54:37.160Z] [work-queue] {"queueLength":1,"workRunningCount":1}
[debug] [2022-09-09T08:54:37.160Z] [work-queue] {"queueLength":0,"workRunningCount":2}
[debug] [2022-09-09T08:54:37.162Z] Accepted request GET /meals-to-go-f7f9f/us-central1/geocode?city=san%20francisco --> us-central1-geocode
[debug] [2022-09-09T08:54:37.163Z] [worker-pool] submitWork(triggerId=us-central1-geocode) {"metadata":{"emulator":{"name":"functions"},"message":"[worker-pool] submitWork(triggerId=us-central1-geocode)"}}
[debug] [2022-09-09T08:54:37.163Z] [worker-us-central1-geocode-dee34921-f698-425d-8eac-556074a8b4b5]: BUSY {"metadata":{"emulator":{"name":"functions"},"message":"[worker-us-central1-geocode-dee34921-f698-425d-8eac-556074a8b4b5]: BUSY"}}
[debug] [2022-09-09T08:54:37.169Z] [runtime-status] [80934] Listening to port: /var/folders/wd/qt1kxfrn17j35yr_ld5y5ss80000gn/T/fire_emu_18fcac11db448631.sock {"metadata":{"emulator":{"name":"functions"},"function":{"name":"us-central1-placesNearby"},"extension":{},"message":"[runtime-status] [80934] Listening to port: /var/folders/wd/qt1kxfrn17j35yr_ld5y5ss80000gn/T/fire_emu_18fcac11db448631.sock"}}
[debug] [2022-09-09T08:54:37.169Z] [runtime-status] [80931] Beginning invocation function geocode! {"metadata":{"emulator":{"name":"functions"},"function":{"name":"us-central1-geocode"},"extension":{},"message":"[runtime-status] [80931] Beginning invocation function geocode!"}}
[info] i  functions: Beginning execution of "geocode" {"metadata":{"emulator":{"name":"functions"},"function":{"name":"us-central1-geocode"},"extension":{},"message":"Beginning execution of \"geocode\""}}
[debug] [2022-09-09T08:54:37.169Z] [runtime-status] [80931] Running geocode in signature http {"metadata":{"emulator":{"name":"functions"},"function":{"name":"us-central1-geocode"},"extension":{},"message":"[runtime-status] [80931] Running geocode in signature http"}}
[debug] [2022-09-09T08:54:37.170Z] [runtime-status] [80931] Listening to port: /var/folders/wd/qt1kxfrn17j35yr_ld5y5ss80000gn/T/fire_emu_c64fc969525c722b.sock {"metadata":{"emulator":{"name":"functions"},"function":{"name":"us-central1-geocode"},"extension":{},"message":"[runtime-status] [80931] Listening to port: /var/folders/wd/qt1kxfrn17j35yr_ld5y5ss80000gn/T/fire_emu_c64fc969525c722b.sock"}}
[debug] [2022-09-09T08:54:37.264Z] [functions] Runtime ready! Sending request! {"metadata":{"emulator":{"name":"functions"},"message":"[functions] Runtime ready! Sending request!"}}
[debug] [2022-09-09T08:54:37.265Z] [functions] Got req.url=/meals-to-go-f7f9f/us-central1/placesNearby?location=37.7749295,-122.4194155, mapping to path=/?location=37.7749295,-122.4194155 {"metadata":{"emulator":{"name":"functions"},"message":"[functions] Got req.url=/meals-to-go-f7f9f/us-central1/placesNearby?location=37.7749295,-122.4194155, mapping to path=/?location=37.7749295,-122.4194155"}}
[debug] [2022-09-09T08:54:37.268Z] [runtime-status] [80934] Ephemeral server handling GET request {"metadata":{"emulator":{"name":"functions"},"function":{"name":"us-central1-placesNearby"},"extension":{},"message":"[runtime-status] [80934] Ephemeral server handling GET request"}}
[debug] [2022-09-09T08:54:37.271Z] [runtime-status] [80934] Ephemeral server survived. {"metadata":{"emulator":{"name":"functions"},"function":{"name":"us-central1-placesNearby"},"extension":{},"message":"[runtime-status] [80934] Ephemeral server survived."}}
[info] i  functions: Finished "placesNearby" in ~1s {"metadata":{"emulator":{"name":"functions"},"function":{"name":"us-central1-placesNearby"},"extension":{},"message":"Finished \"placesNearby\" in ~1s"}}
[debug] [2022-09-09T08:54:37.272Z] [worker-us-central1-placesNearby-e43c57af-aed5-492d-bea9-032b30b58d8c]: IDLE {"metadata":{"emulator":{"name":"functions"},"message":"[worker-us-central1-placesNearby-e43c57af-aed5-492d-bea9-032b30b58d8c]: IDLE"}}
[debug] [2022-09-09T08:54:37.273Z] [work-queue] {"queueLength":0,"workRunningCount":1}
[debug] [2022-09-09T08:54:37.274Z] [functions] Runtime ready! Sending request! {"metadata":{"emulator":{"name":"functions"},"message":"[functions] Runtime ready! Sending request!"}}
[debug] [2022-09-09T08:54:37.274Z] [functions] Got req.url=/meals-to-go-f7f9f/us-central1/geocode?city=san%20francisco, mapping to path=/?city=san%20francisco {"metadata":{"emulator":{"name":"functions"},"message":"[functions] Got req.url=/meals-to-go-f7f9f/us-central1/geocode?city=san%20francisco, mapping to path=/?city=san%20francisco"}}
[debug] [2022-09-09T08:54:37.277Z] [runtime-status] [80931] Ephemeral server handling GET request {"metadata":{"emulator":{"name":"functions"},"function":{"name":"us-central1-geocode"},"extension":{},"message":"[runtime-status] [80931] Ephemeral server handling GET request"}}
[debug] [2022-09-09T08:54:37.280Z] [runtime-status] [80931] Ephemeral server survived. {"metadata":{"emulator":{"name":"functions"},"function":{"name":"us-central1-geocode"},"extension":{},"message":"[runtime-status] [80931] Ephemeral server survived."}}
[info] i  functions: Finished "geocode" in ~1s {"metadata":{"emulator":{"name":"functions"},"function":{"name":"us-central1-geocode"},"extension":{},"message":"Finished \"geocode\" in ~1s"}}
[debug] [2022-09-09T08:54:37.281Z] [worker-us-central1-geocode-dee34921-f698-425d-8eac-556074a8b4b5]: IDLE {"metadata":{"emulator":{"name":"functions"},"message":"[worker-us-central1-geocode-dee34921-f698-425d-8eac-556074a8b4b5]: IDLE"}}
[debug] [2022-09-09T08:54:37.281Z] [work-queue] {"queueLength":0,"workRunningCount":0}
[debug] [2022-09-09T08:54:37.574Z] [work-queue] {"queueLength":1,"workRunningCount":0}
[debug] [2022-09-09T08:54:37.575Z] [work-queue] {"queueLength":0,"workRunningCount":1}
[debug] [2022-09-09T08:54:37.575Z] Accepted request GET /meals-to-go-f7f9f/us-central1/placesNearby?location=37.7749295,-122.4194155 --> us-central1-placesNearby
[debug] [2022-09-09T08:54:37.575Z] [worker-pool] submitWork(triggerId=us-central1-placesNearby) {"metadata":{"emulator":{"name":"functions"},"message":"[worker-pool] submitWork(triggerId=us-central1-placesNearby)"}}
[debug] [2022-09-09T08:54:37.576Z] [worker-us-central1-placesNearby-e43c57af-aed5-492d-bea9-032b30b58d8c]: BUSY {"metadata":{"emulator":{"name":"functions"},"message":"[worker-us-central1-placesNearby-e43c57af-aed5-492d-bea9-032b30b58d8c]: BUSY"}}
[debug] [2022-09-09T08:54:37.577Z] [runtime-status] [80934] Beginning invocation function placesNearby! {"metadata":{"emulator":{"name":"functions"},"function":{"name":"us-central1-placesNearby"},"extension":{},"message":"[runtime-status] [80934] Beginning invocation function placesNearby!"}}
[info] i  functions: Beginning execution of "placesNearby" {"metadata":{"emulator":{"name":"functions"},"function":{"name":"us-central1-placesNearby"},"extension":{},"message":"Beginning execution of \"placesNearby\""}}
[debug] [2022-09-09T08:54:37.578Z] [runtime-status] [80934] Running placesNearby in signature http {"metadata":{"emulator":{"name":"functions"},"function":{"name":"us-central1-placesNearby"},"extension":{},"message":"[runtime-status] [80934] Running placesNearby in signature http"}}
[debug] [2022-09-09T08:54:37.580Z] [runtime-status] [80934] Listening to port: /var/folders/wd/qt1kxfrn17j35yr_ld5y5ss80000gn/T/fire_emu_18fcac11db448631.sock {"metadata":{"emulator":{"name":"functions"},"function":{"name":"us-central1-placesNearby"},"extension":{},"message":"[runtime-status] [80934] Listening to port: /var/folders/wd/qt1kxfrn17j35yr_ld5y5ss80000gn/T/fire_emu_18fcac11db448631.sock"}}
[debug] [2022-09-09T08:54:37.683Z] [functions] Runtime ready! Sending request! {"metadata":{"emulator":{"name":"functions"},"message":"[functions] Runtime ready! Sending request!"}}
[debug] [2022-09-09T08:54:37.683Z] [functions] Got req.url=/meals-to-go-f7f9f/us-central1/placesNearby?location=37.7749295,-122.4194155, mapping to path=/?location=37.7749295,-122.4194155 {"metadata":{"emulator":{"name":"functions"},"message":"[functions] Got req.url=/meals-to-go-f7f9f/us-central1/placesNearby?location=37.7749295,-122.4194155, mapping to path=/?location=37.7749295,-122.4194155"}}
[debug] [2022-09-09T08:54:37.686Z] [runtime-status] [80934] Ephemeral server handling GET request {"metadata":{"emulator":{"name":"functions"},"function":{"name":"us-central1-placesNearby"},"extension":{},"message":"[runtime-status] [80934] Ephemeral server handling GET request"}}
[debug] [2022-09-09T08:54:37.689Z] [runtime-status] [80934] Ephemeral server survived. {"metadata":{"emulator":{"name":"functions"},"function":{"name":"us-central1-placesNearby"},"extension":{},"message":"[runtime-status] [80934] Ephemeral server survived."}}
[info] i  functions: Finished "placesNearby" in ~1s {"metadata":{"emulator":{"name":"functions"},"function":{"name":"us-central1-placesNearby"},"extension":{},"message":"Finished \"placesNearby\" in ~1s"}}
[debug] [2022-09-09T08:54:37.691Z] [worker-us-central1-placesNearby-e43c57af-aed5-492d-bea9-032b30b58d8c]: IDLE {"metadata":{"emulator":{"name":"functions"},"message":"[worker-us-central1-placesNearby-e43c57af-aed5-492d-bea9-032b30b58d8c]: IDLE"}}
[debug] [2022-09-09T08:54:37.692Z] [work-queue] {"queueLength":0,"workRunningCount":0}
[debug] [2022-09-09T08:55:28.862Z] [work-queue] {"queueLength":1,"workRunningCount":0}
[debug] [2022-09-09T08:55:28.862Z] [work-queue] {"queueLength":0,"workRunningCount":1}
[debug] [2022-09-09T08:55:28.862Z] Accepted request GET /meals-to-go-f7f9f/us-central1/placesNearby?location=37.7749295,-122.4194155 --> us-central1-placesNearby
[debug] [2022-09-09T08:55:28.862Z] [worker-pool] submitWork(triggerId=us-central1-placesNearby) {"metadata":{"emulator":{"name":"functions"},"message":"[worker-pool] submitWork(triggerId=us-central1-placesNearby)"}}
[debug] [2022-09-09T08:55:28.862Z] [worker-us-central1-placesNearby-e43c57af-aed5-492d-bea9-032b30b58d8c]: BUSY {"metadata":{"emulator":{"name":"functions"},"message":"[worker-us-central1-placesNearby-e43c57af-aed5-492d-bea9-032b30b58d8c]: BUSY"}}
[debug] [2022-09-09T08:55:28.864Z] [runtime-status] [80934] Beginning invocation function placesNearby! {"metadata":{"emulator":{"name":"functions"},"function":{"name":"us-central1-placesNearby"},"extension":{},"message":"[runtime-status] [80934] Beginning invocation function placesNearby!"}}
[info] i  functions: Beginning execution of "placesNearby" {"metadata":{"emulator":{"name":"functions"},"function":{"name":"us-central1-placesNearby"},"extension":{},"message":"Beginning execution of \"placesNearby\""}}
[debug] [2022-09-09T08:55:28.865Z] [runtime-status] [80934] Running placesNearby in signature http {"metadata":{"emulator":{"name":"functions"},"function":{"name":"us-central1-placesNearby"},"extension":{},"message":"[runtime-status] [80934] Running placesNearby in signature http"}}
[debug] [2022-09-09T08:55:28.865Z] [runtime-status] [80934] Listening to port: /var/folders/wd/qt1kxfrn17j35yr_ld5y5ss80000gn/T/fire_emu_18fcac11db448631.sock {"metadata":{"emulator":{"name":"functions"},"function":{"name":"us-central1-placesNearby"},"extension":{},"message":"[runtime-status] [80934] Listening to port: /var/folders/wd/qt1kxfrn17j35yr_ld5y5ss80000gn/T/fire_emu_18fcac11db448631.sock"}}
[debug] [2022-09-09T08:55:28.965Z] [functions] Runtime ready! Sending request! {"metadata":{"emulator":{"name":"functions"},"message":"[functions] Runtime ready! Sending request!"}}
[debug] [2022-09-09T08:55:28.965Z] [functions] Got req.url=/meals-to-go-f7f9f/us-central1/placesNearby?location=37.7749295,-122.4194155, mapping to path=/?location=37.7749295,-122.4194155 {"metadata":{"emulator":{"name":"functions"},"message":"[functions] Got req.url=/meals-to-go-f7f9f/us-central1/placesNearby?location=37.7749295,-122.4194155, mapping to path=/?location=37.7749295,-122.4194155"}}
[debug] [2022-09-09T08:55:28.966Z] [runtime-status] [80934] Ephemeral server handling GET request {"metadata":{"emulator":{"name":"functions"},"function":{"name":"us-central1-placesNearby"},"extension":{},"message":"[runtime-status] [80934] Ephemeral server handling GET request"}}
[debug] [2022-09-09T08:55:28.967Z] [runtime-status] [80934] Ephemeral server survived. {"metadata":{"emulator":{"name":"functions"},"function":{"name":"us-central1-placesNearby"},"extension":{},"message":"[runtime-status] [80934] Ephemeral server survived."}}
[info] i  functions: Finished "placesNearby" in ~1s {"metadata":{"emulator":{"name":"functions"},"function":{"name":"us-central1-placesNearby"},"extension":{},"message":"Finished \"placesNearby\" in ~1s"}}
[debug] [2022-09-09T08:55:28.968Z] [worker-us-central1-placesNearby-e43c57af-aed5-492d-bea9-032b30b58d8c]: IDLE {"metadata":{"emulator":{"name":"functions"},"message":"[worker-us-central1-placesNearby-e43c57af-aed5-492d-bea9-032b30b58d8c]: IDLE"}}
[debug] [2022-09-09T08:55:28.969Z] [work-queue] {"queueLength":0,"workRunningCount":0}
[debug] [2022-09-09T08:55:37.304Z] [work-queue] {"queueLength":1,"workRunningCount":0}
[debug] [2022-09-09T08:55:37.304Z] [work-queue] {"queueLength":0,"workRunningCount":1}
[debug] [2022-09-09T08:55:37.304Z] Accepted request GET /meals-to-go-f7f9f/us-central1/placesNearby?location=37.7749295,-122.4194155 --> us-central1-placesNearby
[debug] [2022-09-09T08:55:37.304Z] [worker-pool] submitWork(triggerId=us-central1-placesNearby) {"metadata":{"emulator":{"name":"functions"},"message":"[worker-pool] submitWork(triggerId=us-central1-placesNearby)"}}
[debug] [2022-09-09T08:55:37.304Z] [worker-us-central1-placesNearby-e43c57af-aed5-492d-bea9-032b30b58d8c]: BUSY {"metadata":{"emulator":{"name":"functions"},"message":"[worker-us-central1-placesNearby-e43c57af-aed5-492d-bea9-032b30b58d8c]: BUSY"}}
[debug] [2022-09-09T08:55:37.305Z] [runtime-status] [80934] Beginning invocation function placesNearby! {"metadata":{"emulator":{"name":"functions"},"function":{"name":"us-central1-placesNearby"},"extension":{},"message":"[runtime-status] [80934] Beginning invocation function placesNearby!"}}
[info] i  functions: Beginning execution of "placesNearby" {"metadata":{"emulator":{"name":"functions"},"function":{"name":"us-central1-placesNearby"},"extension":{},"message":"Beginning execution of \"placesNearby\""}}
[debug] [2022-09-09T08:55:37.305Z] [runtime-status] [80934] Running placesNearby in signature http {"metadata":{"emulator":{"name":"functions"},"function":{"name":"us-central1-placesNearby"},"extension":{},"message":"[runtime-status] [80934] Running placesNearby in signature http"}}
[debug] [2022-09-09T08:55:37.306Z] [runtime-status] [80934] Listening to port: /var/folders/wd/qt1kxfrn17j35yr_ld5y5ss80000gn/T/fire_emu_18fcac11db448631.sock {"metadata":{"emulator":{"name":"functions"},"function":{"name":"us-central1-placesNearby"},"extension":{},"message":"[runtime-status] [80934] Listening to port: /var/folders/wd/qt1kxfrn17j35yr_ld5y5ss80000gn/T/fire_emu_18fcac11db448631.sock"}}
[debug] [2022-09-09T08:55:37.406Z] [functions] Runtime ready! Sending request! {"metadata":{"emulator":{"name":"functions"},"message":"[functions] Runtime ready! Sending request!"}}
[debug] [2022-09-09T08:55:37.406Z] [functions] Got req.url=/meals-to-go-f7f9f/us-central1/placesNearby?location=37.7749295,-122.4194155, mapping to path=/?location=37.7749295,-122.4194155 {"metadata":{"emulator":{"name":"functions"},"message":"[functions] Got req.url=/meals-to-go-f7f9f/us-central1/placesNearby?location=37.7749295,-122.4194155, mapping to path=/?location=37.7749295,-122.4194155"}}
[debug] [2022-09-09T08:55:37.409Z] [runtime-status] [80934] Ephemeral server handling GET request {"metadata":{"emulator":{"name":"functions"},"function":{"name":"us-central1-placesNearby"},"extension":{},"message":"[runtime-status] [80934] Ephemeral server handling GET request"}}
[debug] [2022-09-09T08:55:37.410Z] [runtime-status] [80934] Ephemeral server survived. {"metadata":{"emulator":{"name":"functions"},"function":{"name":"us-central1-placesNearby"},"extension":{},"message":"[runtime-status] [80934] Ephemeral server survived."}}
[info] i  functions: Finished "placesNearby" in ~1s {"metadata":{"emulator":{"name":"functions"},"function":{"name":"us-central1-placesNearby"},"extension":{},"message":"Finished \"placesNearby\" in ~1s"}}
[debug] [2022-09-09T08:55:37.413Z] [worker-us-central1-placesNearby-e43c57af-aed5-492d-bea9-032b30b58d8c]: IDLE {"metadata":{"emulator":{"name":"functions"},"message":"[worker-us-central1-placesNearby-e43c57af-aed5-492d-bea9-032b30b58d8c]: IDLE"}}
[debug] [2022-09-09T08:55:37.413Z] [work-queue] {"queueLength":0,"workRunningCount":0}
[debug] [2022-09-09T08:56:01.372Z] [work-queue] {"queueLength":1,"workRunningCount":0}
[debug] [2022-09-09T08:56:01.373Z] [work-queue] {"queueLength":0,"workRunningCount":1}
[debug] [2022-09-09T08:56:01.373Z] Accepted request GET /meals-to-go-f7f9f/us-central1/placesNearby?location=37.7749295,-122.4194155 --> us-central1-placesNearby
[debug] [2022-09-09T08:56:01.373Z] [worker-pool] submitWork(triggerId=us-central1-placesNearby) {"metadata":{"emulator":{"name":"functions"},"message":"[worker-pool] submitWork(triggerId=us-central1-placesNearby)"}}
[debug] [2022-09-09T08:56:01.373Z] [worker-us-central1-placesNearby-e43c57af-aed5-492d-bea9-032b30b58d8c]: BUSY {"metadata":{"emulator":{"name":"functions"},"message":"[worker-us-central1-placesNearby-e43c57af-aed5-492d-bea9-032b30b58d8c]: BUSY"}}
[debug] [2022-09-09T08:56:01.374Z] [runtime-status] [80934] Beginning invocation function placesNearby! {"metadata":{"emulator":{"name":"functions"},"function":{"name":"us-central1-placesNearby"},"extension":{},"message":"[runtime-status] [80934] Beginning invocation function placesNearby!"}}
[info] i  functions: Beginning execution of "placesNearby" {"metadata":{"emulator":{"name":"functions"},"function":{"name":"us-central1-placesNearby"},"extension":{},"message":"Beginning execution of \"placesNearby\""}}
[debug] [2022-09-09T08:56:01.374Z] [runtime-status] [80934] Running placesNearby in signature http {"metadata":{"emulator":{"name":"functions"},"function":{"name":"us-central1-placesNearby"},"extension":{},"message":"[runtime-status] [80934] Running placesNearby in signature http"}}
[debug] [2022-09-09T08:56:01.377Z] [runtime-status] [80934] Listening to port: /var/folders/wd/qt1kxfrn17j35yr_ld5y5ss80000gn/T/fire_emu_18fcac11db448631.sock {"metadata":{"emulator":{"name":"functions"},"function":{"name":"us-central1-placesNearby"},"extension":{},"message":"[runtime-status] [80934] Listening to port: /var/folders/wd/qt1kxfrn17j35yr_ld5y5ss80000gn/T/fire_emu_18fcac11db448631.sock"}}
[debug] [2022-09-09T08:56:01.477Z] [functions] Runtime ready! Sending request! {"metadata":{"emulator":{"name":"functions"},"message":"[functions] Runtime ready! Sending request!"}}
[debug] [2022-09-09T08:56:01.477Z] [functions] Got req.url=/meals-to-go-f7f9f/us-central1/placesNearby?location=37.7749295,-122.4194155, mapping to path=/?location=37.7749295,-122.4194155 {"metadata":{"emulator":{"name":"functions"},"message":"[functions] Got req.url=/meals-to-go-f7f9f/us-central1/placesNearby?location=37.7749295,-122.4194155, mapping to path=/?location=37.7749295,-122.4194155"}}
[debug] [2022-09-09T08:56:01.479Z] [runtime-status] [80934] Ephemeral server handling GET request {"metadata":{"emulator":{"name":"functions"},"function":{"name":"us-central1-placesNearby"},"extension":{},"message":"[runtime-status] [80934] Ephemeral server handling GET request"}}
[debug] [2022-09-09T08:56:01.480Z] [runtime-status] [80934] Ephemeral server survived. {"metadata":{"emulator":{"name":"functions"},"function":{"name":"us-central1-placesNearby"},"extension":{},"message":"[runtime-status] [80934] Ephemeral server survived."}}
[info] i  functions: Finished "placesNearby" in ~1s {"metadata":{"emulator":{"name":"functions"},"function":{"name":"us-central1-placesNearby"},"extension":{},"message":"Finished \"placesNearby\" in ~1s"}}
[debug] [2022-09-09T08:56:01.481Z] [worker-us-central1-placesNearby-e43c57af-aed5-492d-bea9-032b30b58d8c]: IDLE {"metadata":{"emulator":{"name":"functions"},"message":"[worker-us-central1-placesNearby-e43c57af-aed5-492d-bea9-032b30b58d8c]: IDLE"}}
[debug] [2022-09-09T08:56:01.481Z] [work-queue] {"queueLength":0,"workRunningCount":0}
